WARNING: A terminally deprecated method in sun.misc.Unsafe has been called
WARNING: sun.misc.Unsafe::staticFieldBase has been called by com.google.inject.internal.aop.HiddenClassDefiner (file:/opt/homebrew/Cellar/maven/3.9.11/libexec/lib/guice-5.1.0-classes.jar)
WARNING: Please consider reporting this to the maintainers of class com.google.inject.internal.aop.HiddenClassDefiner
WARNING: sun.misc.Unsafe::staticFieldBase will be removed in a future release
[INFO] Scanning for projects...
[INFO] 
[INFO] ------------------< com.oracleinternship:jiratoexcel >------------------
[INFO] Building jiratoexcel 1.0-SNAPSHOT
[INFO]   from pom.xml
[INFO] --------------------------------[ jar ]---------------------------------
[INFO] 
[INFO] >>> javafx:0.0.8:run (default-cli) > process-classes @ jiratoexcel >>>
[WARNING] 6 problems were encountered while building the effective model for org.openjfx:javafx-base:jar:17.0.2 during dependency collection step for project (use -X to see details)
[INFO] 
[INFO] --- resources:3.3.1:resources (default-resources) @ jiratoexcel ---
[WARNING] Using platform encoding (UTF-8 actually) to copy filtered resources, i.e. build is platform dependent!
[INFO] skip non existing resourceDirectory /Users/aidenburgstahler/Documents/GitHub/Jira-To-Excel-Tool/jiratoexcel/src/main/resources
[INFO] 
[INFO] --- compiler:3.13.0:compile (default-compile) @ jiratoexcel ---
[INFO] Nothing to compile - all classes are up to date.
[INFO] 
[INFO] <<< javafx:0.0.8:run (default-cli) < process-classes @ jiratoexcel <<<
[INFO] 
[INFO] 
[INFO] --- javafx:0.0.8:run (default-cli) @ jiratoexcel ---
WARNING: A restricted method in java.lang.System has been called
WARNING: java.lang.System::load has been called by com.sun.glass.utils.NativeLibLoader in module javafx.graphics (file:/Users/aidenburgstahler/.m2/repository/org/openjfx/javafx-graphics/17.0.2/javafx-graphics-17.0.2-mac-aarch64.jar)
WARNING: Use --enable-native-access=javafx.graphics to avoid a warning for callers in this module
WARNING: Restricted methods will be blocked in a future release unless native access is enabled

